<?xml version="1.0" encoding="UTF-8"?>
<!-- Generated by org.testng.reporters.JUnitReportReporter -->
<testsuite hostname="LAPTOP-2PNQGLMD" failures="0" tests="1" name="testCases.TC_002_LoginTest" time="1.393" errors="0" timestamp="2024-11-08T14:54:30 IST" skipped="0">
  <testcase classname="testCases.TC_002_LoginTest" name="verify_login" time="1.393"/>
</testsuite> <!-- testCases.TC_002_LoginTest -->
